<?xml version="1.0" encoding="UTF-8"?>
<!-- Generated by org.testng.reporters.JUnitXMLReporter -->
<testsuite hostname="NODE56" name="Internet Test" tests="1" failures="1" timestamp="28 Oct 2014 05:51:38 GMT" time="30.046" errors="0">
  <testcase name="WebdriverClass" time="22.705" classname="selenium.WebdriverClass">
    <failure type="org.openqa.selenium.UnhandledAlertException" message="Modal dialog present: Do you want to view only the webpage content that was delivered securely?
Build info: version: &amp;apos;2.42.2&amp;apos;, revision: &amp;apos;6a6995d&amp;apos;, time: &amp;apos;2014-06-03 17:42:30&amp;apos;
System info: host: &amp;apos;NODE56&amp;apos;, ip: &amp;apos;10.210.0.214&amp;apos;, os.name: &amp;apos;Windows 7&amp;apos;, os.arch: &amp;apos;amd64&amp;apos;, os.version: &amp;apos;6.1&amp;apos;, java.version: &amp;apos;1.6.0_43&amp;apos;
Session ID: 3b203d06-f888-4eee-baca-b000ce3029d1
Driver info: org.openqa.selenium.ie.InternetExplorerDriver
Capabilities [{platform=WINDOWS, cssSelectorsEnabled=true, javascriptEnabled=true, browserName=internet explorer, handlesAlerts=true, nativeEvents=true, takesScreenshot=true, version=8}]">
      <![CDATA[org.openqa.selenium.UnhandledAlertException: Modal dialog present: Do you want to view only the webpage content that was delivered securely?
Build info: version: '2.42.2', revision: '6a6995d', time: '2014-06-03 17:42:30'
System info: host: 'NODE56', ip: '10.210.0.214', os.name: 'Windows 7', os.arch: 'amd64', os.version: '6.1', java.version: '1.6.0_43'
Session ID: 3b203d06-f888-4eee-baca-b000ce3029d1
Driver info: org.openqa.selenium.ie.InternetExplorerDriver
Capabilities [{platform=WINDOWS, cssSelectorsEnabled=true, javascriptEnabled=true, browserName=internet explorer, handlesAlerts=true, nativeEvents=true, takesScreenshot=true, version=8}]
	at org.openqa.selenium.remote.ErrorHandler.createThrowable(ErrorHandler.java:204)
	at org.openqa.selenium.remote.ErrorHandler.createUnhandledAlertException(ErrorHandler.java:185)
	at org.openqa.selenium.remote.ErrorHandler.throwIfResponseFailed(ErrorHandler.java:152)
	at org.openqa.selenium.remote.RemoteWebDriver.execute(RemoteWebDriver.java:599)
	at org.openqa.selenium.remote.RemoteWebDriver.execute(RemoteWebDriver.java:614)
	at org.openqa.selenium.ie.InternetExplorerDriver.getScreenshotAs(InternetExplorerDriver.java:194)
	at selenium.WebdriverClass.WebdriverClass(WebdriverClass.java:86)
	at java.util.concurrent.FutureTask$Sync.innerRun(Unknown Source)
	at java.util.concurrent.FutureTask.run(Unknown Source)
	at java.util.concurrent.ThreadPoolExecutor$Worker.runTask(Unknown Source)
	at java.util.concurrent.ThreadPoolExecutor$Worker.run(Unknown Source)
	at java.lang.Thread.run(Unknown Source)
... Removed 20 stack frames]]>
    </failure>
  </testcase> <!-- WebdriverClass -->
</testsuite> <!-- Internet Test -->
